<?xml version="1.0" encoding="UTF-8"?>
<testsuite xmlns:xsi="http://www.w3.org/2001/XMLSchema-instance" xsi:noNamespaceSchemaLocation="https://maven.apache.org/surefire/maven-surefire-plugin/xsd/surefire-test-report.xsd" version="3.0.2" name="demo.web_banhoatuoi.WebBanhoatuoiApplicationTests" time="7.392" tests="1" errors="0" skipped="0" failures="0">
  <properties>
[...]
</properties>
  <testcase name="contextLoads" classname="demo.web_banhoatuoi.WebBanhoatuoiApplicationTests" time="0.349">
    <system-out><![CDATA[01:05:20.763 [main] INFO org.springframework.test.context.support.AnnotationConfigContextLoaderUtils -- Could not detect default configuration classes for test class [demo.web_banhoatuoi.WebBanhoatuoiApplicationTests]: WebBanhoatuoiApplicationTests does not declare any static, non-private, non-final, nested classes annotated with @Configuration.
01:05:20.924 [main] INFO org.springframework.boot.test.context.SpringBootTestContextBootstrapper -- Found @SpringBootConfiguration demo.web_banhoatuoi.WebBanhoatuoiApplication for test class demo.web_banhoatuoi.WebBanhoatuoiApplicationTests

  .   ____          _            __ _ _
 /\\ / ___'_ __ _ _(_)_ __  __ _ \ \ \ \
( ( )\___ | '_ | '_| | '_ \/ _` | \ \ \ \
 \\/  ___)| |_)| | | | | || (_| |  ) ) ) )
  '  |____| .__|_| |_|_| |_\__, | / / / /
 =========|_|==============|___/=/_/_/_/

 :: Spring Boot ::                (v3.5.7)

2026-07-24T01:05:21.432+07:00  INFO 26604 --- [DemoLab01] [           main] d.w.WebBanhoatuoiApplicationTests        : Starting WebBanhoatuoiApplicationTests using Java 25.0.2 with PID 26604 (started by ADMIN in C:\Users\ADMIN\Documents\GitHub\HSF302--Assignment)
2026-07-24T01:05:21.434+07:00  INFO 26604 --- [DemoLab01] [           main] d.w.WebBanhoatuoiApplicationTests        : No active profile set, falling back to 1 default profile: "default"
2026-07-24T01:05:22.257+07:00  INFO 26604 --- [DemoLab01] [           main] .s.d.r.c.RepositoryConfigurationDelegate : Bootstrapping Spring Data JPA repositories in DEFAULT mode.
2026-07-24T01:05:22.355+07:00  INFO 26604 --- [DemoLab01] [           main] .s.d.r.c.RepositoryConfigurationDelegate : Finished Spring Data repository scanning in 85 ms. Found 6 JPA repository interfaces.
2026-07-24T01:05:23.051+07:00  INFO 26604 --- [DemoLab01] [           main] o.hibernate.jpa.internal.util.LogHelper  : HHH000204: Processing PersistenceUnitInfo [name: default]
2026-07-24T01:05:23.118+07:00  INFO 26604 --- [DemoLab01] [           main] org.hibernate.Version                    : HHH000412: Hibernate ORM core version 6.6.33.Final
2026-07-24T01:05:23.167+07:00  INFO 26604 --- [DemoLab01] [           main] o.h.c.internal.RegionFactoryInitiator    : HHH000026: Second-level cache disabled
2026-07-24T01:05:23.559+07:00  INFO 26604 --- [DemoLab01] [           main] o.s.o.j.p.SpringPersistenceUnitInfo      : No LoadTimeWeaver setup: ignoring JPA class transformer
2026-07-24T01:05:23.603+07:00  INFO 26604 --- [DemoLab01] [           main] com.zaxxer.hikari.HikariDataSource       : HikariPool-1 - Starting...
2026-07-24T01:05:23.917+07:00  INFO 26604 --- [DemoLab01] [           main] com.zaxxer.hikari.pool.HikariPool        : HikariPool-1 - Added connection ConnectionID:1 ClientConnectionId: b223e289-320a-4a8c-9a5e-8555a54db945
2026-07-24T01:05:23.919+07:00  INFO 26604 --- [DemoLab01] [           main] com.zaxxer.hikari.HikariDataSource       : HikariPool-1 - Start completed.
2026-07-24T01:05:24.023+07:00  INFO 26604 --- [DemoLab01] [           main] org.hibernate.orm.connections.pooling    : HHH10001005: Database info:
	Database JDBC URL [Connecting through datasource 'HikariDataSource (HikariPool-1)']
	Database driver: undefined/unknown
	Database version: 16.0
	Autocommit mode: undefined/unknown
	Isolation level: undefined/unknown
	Minimum pool size: undefined/unknown
	Maximum pool size: undefined/unknown
2026-07-24T01:05:25.031+07:00  INFO 26604 --- [DemoLab01] [           main] o.h.e.t.j.p.i.JtaPlatformInitiator       : HHH000489: No JTA platform available (set 'hibernate.transaction.jta.platform' to enable JTA platform integration)
Hibernate: alter table cart_items drop constraint if exists FKhu7yrgm18fpcjyw1vcimil0fl
Hibernate: alter table cart_items drop constraint if exists FKs7t296bs4k6xnaoto1kooy71
Hibernate: alter table flowers drop constraint if exists FKet4ju9bpvd0jdlripp0i7600q
Hibernate: alter table order_items drop constraint if exists FKgcld7l1l15xokg344c58xnur2
Hibernate: alter table order_items drop constraint if exists FKbioxgbv59vetrxe0ejfubep1w
Hibernate: drop table if exists accounts
Hibernate: drop table if exists cart_items
Hibernate: drop table if exists categories
Hibernate: drop table if exists flowers
Hibernate: drop table if exists order_items
Hibernate: drop table if exists orders
Hibernate: drop table if exists summary
Hibernate: create table accounts (account_id int identity not null, password varchar(255), role varchar(255), user_name varchar(255), primary key (account_id))
Hibernate: create table cart_items (account_id int, flower_id int not null, quantity int, id bigint identity not null, selected_style varchar(500), session_id varchar(255), primary key (id))
Hibernate: create table categories (category_id int identity not null, category_name varchar(255) not null, primary key (category_id))
Hibernate: create table flowers (category_id int not null, flower_id int identity not null, price float(53), stock int default 0 not null, description varchar(1000), additional_images varchar(2000), flower_name varchar(255) not null, image_path varchar(255), primary key (flower_id))
Hibernate: create table order_items (flower_id int not null, order_id int not null, price_at_purchase float(53), quantity int, id bigint identity not null, selected_style varchar(500), primary key (id))
Hibernate: create table orders (delivery_date date, order_date date, order_id int identity not null, total_amount float(53), created_at datetime2(6), address varchar(255) not null, customer_name varchar(255) not null, note varchar(255), payment_status varchar(255), phone varchar(255) not null, transaction_id varchar(255), primary key (order_id))
Hibernate: create table summary (summary_date date not null, summary_id int identity not null, total_income float(53) not null, total_orders int not null, created_at datetime2(6), primary key (summary_id))
Hibernate: alter table cart_items add constraint FKhu7yrgm18fpcjyw1vcimil0fl foreign key (account_id) references accounts
Hibernate: alter table cart_items add constraint FKs7t296bs4k6xnaoto1kooy71 foreign key (flower_id) references flowers
Hibernate: alter table flowers add constraint FKet4ju9bpvd0jdlripp0i7600q foreign key (category_id) references categories
Hibernate: alter table order_items add constraint FKgcld7l1l15xokg344c58xnur2 foreign key (flower_id) references flowers
Hibernate: alter table order_items add constraint FKbioxgbv59vetrxe0ejfubep1w foreign key (order_id) references orders
2026-07-24T01:05:25.136+07:00  INFO 26604 --- [DemoLab01] [           main] j.LocalContainerEntityManagerFactoryBean : Initialized JPA EntityManagerFactory for persistence unit 'default'
2026-07-24T01:05:25.597+07:00  INFO 26604 --- [DemoLab01] [           main] o.s.d.j.r.query.QueryEnhancerFactory     : Hibernate is in classpath; If applicable, HQL parser will be used.
2026-07-24T01:05:26.675+07:00  WARN 26604 --- [DemoLab01] [           main] JpaBaseConfiguration$JpaWebConfiguration : spring.jpa.open-in-view is enabled by default. Therefore, database queries may be performed during view rendering. Explicitly configure spring.jpa.open-in-view to disable this warning
2026-07-24T01:05:27.219+07:00  INFO 26604 --- [DemoLab01] [           main] d.w.WebBanhoatuoiApplicationTests        : Started WebBanhoatuoiApplicationTests in 6.13 seconds (process running for 7.25)
Hibernate: select count_big(*) from accounts a1_0
Hibernate: insert into accounts (password,role,user_name) values (?,?,?)
Hibernate: insert into accounts (password,role,user_name) values (?,?,?)
Hibernate: insert into accounts (password,role,user_name) values (?,?,?)
Hibernate: insert into accounts (password,role,user_name) values (?,?,?)
Hibernate: insert into accounts (password,role,user_name) values (?,?,?)
Hibernate: insert into accounts (password,role,user_name) values (?,?,?)
✅ Created 6 accounts successfully!
   ADMIN accounts: admin1/1234, admin2/1234, admin3/1234
   USER accounts: user1/1234, user2/1234, user3/1234
Hibernate: select count_big(*) from categories c1_0
Hibernate: insert into categories (category_name) values (?)
Hibernate: insert into categories (category_name) values (?)
Hibernate: insert into categories (category_name) values (?)
Hibernate: select count_big(*) from categories c1_0
Hibernate: select count_big(*) from flowers f1_0
⏳ Initializing flower data...
Hibernate: select c1_0.category_id,c1_0.category_name from categories c1_0 where c1_0.category_name=?
Hibernate: select c1_0.category_id,c1_0.category_name from categories c1_0 where c1_0.category_name=?
Hibernate: select c1_0.category_id,c1_0.category_name from categories c1_0 where c1_0.category_name=?
Hibernate: insert into flowers (additional_images,category_id,description,flower_name,image_path,price,stock) values (?,?,?,?,?,?,?)
Hibernate: insert into flowers (additional_images,category_id,description,flower_name,image_path,price,stock) values (?,?,?,?,?,?,?)
Hibernate: insert into flowers (additional_images,category_id,description,flower_name,image_path,price,stock) values (?,?,?,?,?,?,?)
Hibernate: insert into flowers (additional_images,category_id,description,flower_name,image_path,price,stock) values (?,?,?,?,?,?,?)
✅ Created 4 flower sets successfully!
Hibernate: select count_big(*) from orders o1_0
⏳ Initializing order data...
Hibernate: select f1_0.flower_id,f1_0.additional_images,f1_0.category_id,f1_0.description,f1_0.flower_name,f1_0.image_path,f1_0.price,f1_0.stock from flowers f1_0 where f1_0.flower_name=?
Hibernate: select f1_0.flower_id,f1_0.additional_images,f1_0.category_id,f1_0.description,f1_0.flower_name,f1_0.image_path,f1_0.price,f1_0.stock from flowers f1_0 where f1_0.flower_name=?
Hibernate: select f1_0.flower_id,f1_0.additional_images,f1_0.category_id,f1_0.description,f1_0.flower_name,f1_0.image_path,f1_0.price,f1_0.stock from flowers f1_0 where f1_0.flower_name=?
Hibernate: select f1_0.flower_id,f1_0.additional_images,f1_0.category_id,f1_0.description,f1_0.flower_name,f1_0.image_path,f1_0.price,f1_0.stock from flowers f1_0 where f1_0.flower_name=?
Hibernate: insert into orders (address,created_at,customer_name,delivery_date,note,order_date,payment_status,phone,total_amount,transaction_id) values (?,?,?,?,?,?,?,?,?,?)
Hibernate: insert into order_items (flower_id,order_id,price_at_purchase,quantity,selected_style) values (?,?,?,?,?)
Hibernate: insert into orders (address,created_at,customer_name,delivery_date,note,order_date,payment_status,phone,total_amount,transaction_id) values (?,?,?,?,?,?,?,?,?,?)
Hibernate: insert into order_items (flower_id,order_id,price_at_purchase,quantity,selected_style) values (?,?,?,?,?)
Hibernate: insert into orders (address,created_at,customer_name,delivery_date,note,order_date,payment_status,phone,total_amount,transaction_id) values (?,?,?,?,?,?,?,?,?,?)
Hibernate: insert into order_items (flower_id,order_id,price_at_purchase,quantity,selected_style) values (?,?,?,?,?)
Hibernate: insert into orders (address,created_at,customer_name,delivery_date,note,order_date,payment_status,phone,total_amount,transaction_id) values (?,?,?,?,?,?,?,?,?,?)
Hibernate: insert into order_items (flower_id,order_id,price_at_purchase,quantity,selected_style) values (?,?,?,?,?)
Hibernate: insert into orders (address,created_at,customer_name,delivery_date,note,order_date,payment_status,phone,total_amount,transaction_id) values (?,?,?,?,?,?,?,?,?,?)
Hibernate: insert into order_items (flower_id,order_id,price_at_purchase,quantity,selected_style) values (?,?,?,?,?)
✅ Created 5 orders successfully!
Hibernate: select count_big(*) from summary s1_0
Hibernate: select o1_0.order_id,o1_0.address,o1_0.created_at,o1_0.customer_name,o1_0.delivery_date,o1_0.note,o1_0.order_date,o1_0.payment_status,o1_0.phone,o1_0.total_amount,o1_0.transaction_id from orders o1_0
Hibernate: insert into summary (created_at,summary_date,total_income,total_orders) values (?,?,?,?)
✅ Summary created with final order prices - Total Income from PAID orders: 2700000.0 VND
]]></system-out>
    <system-err><![CDATA[Mockito is currently self-attaching to enable the inline-mock-maker. This will no longer work in future releases of the JDK. Please add Mockito as an agent to your build as described in Mockito's documentation: https://javadoc.io/doc/org.mockito/mockito-core/latest/org.mockito/org/mockito/Mockito.html#0.3
WARNING: A Java agent has been loaded dynamically (C:\Users\ADMIN\.m2\repository\net\bytebuddy\byte-buddy-agent\1.17.8\byte-buddy-agent-1.17.8.jar)
WARNING: If a serviceability tool is in use, please run with -XX:+EnableDynamicAgentLoading to hide this warning
WARNING: If a serviceability tool is not in use, please run with -Djdk.instrument.traceUsage for more information
WARNING: Dynamic loading of agents will be disallowed by default in a future release
]]></system-err>
  </testcase>
</testsuite>